<?xml version="1.0" encoding="UTF-8"?>
<!-- Generated by org.testng.reporters.JUnitReportReporter -->
<testsuite skipped="0" hostname="DESKTOP-L3RQ4M2" name="com.nicor.tests.TC_02_010" tests="1" failures="0" timestamp="16 Jul 2018 18:57:09 GMT" time="13.315" errors="0">
  <testcase name="testGlossaryPage" time="13.315" classname="com.nicor.tests.TC_02_010"/>
</testsuite> <!-- com.nicor.tests.TC_02_010 -->
