<?xml version="1.0" encoding="UTF-8"?>
<!-- Generated by org.testng.reporters.JUnitReportReporter -->
<testsuite skipped="0" hostname="DESKTOP-L3RQ4M2" name="com.nicor.tests.TC_01_007" tests="1" failures="0" timestamp="17 Jul 2018 18:21:16 GMT" time="38.422" errors="0">
  <testcase name="testresearchersPage" time="38.422" classname="com.nicor.tests.TC_01_007"/>
</testsuite> <!-- com.nicor.tests.TC_01_007 -->
