<?xml version="1.0" encoding="UTF-8"?>
<!-- Generated by org.testng.reporters.JUnitReportReporter -->
<testsuite skipped="0" hostname="DESKTOP-L3RQ4M2" name="com.nicor.tests.TC_02_001" tests="1" failures="0" timestamp="13 Jul 2018 10:20:26 GMT" time="38.163" errors="0">
  <testcase name="testAboutNicorPage" time="38.163" classname="com.nicor.tests.TC_02_001"/>
</testsuite> <!-- com.nicor.tests.TC_02_001 -->
