<?xml version="1.0" encoding="UTF-8"?>
<!-- Generated by org.testng.reporters.JUnitReportReporter -->
<testsuite skipped="0" hostname="DESKTOP-L3RQ4M2" name="com.nicor.tests.TC_01_001" tests="1" failures="0" timestamp="11 Jul 2018 19:12:32 GMT" time="45.181" errors="0">
  <testcase name="testHomePage" time="45.181" classname="com.nicor.tests.TC_01_001"/>
</testsuite> <!-- com.nicor.tests.TC_01_001 -->
