<?xml version="1.0" encoding="UTF-8"?>
<!-- Generated by org.testng.reporters.JUnitReportReporter -->
<testsuite skipped="0" hostname="DESKTOP-L3RQ4M2" name="com.nicor.tests.TC_02_011" tests="1" failures="0" timestamp="17 Jul 2018 18:21:16 GMT" time="38.053" errors="0">
  <testcase name="testGlossaryPage" time="38.053" classname="com.nicor.tests.TC_02_011"/>
</testsuite> <!-- com.nicor.tests.TC_02_011 -->
