<?xml version="1.0" encoding="UTF-8"?>
<!-- Generated by org.testng.reporters.JUnitReportReporter -->
<testsuite skipped="0" hostname="DESKTOP-L3RQ4M2" name="com.nicor.tests.TC_01_007" tests="1" failures="0" timestamp="12 Jul 2018 12:48:48 GMT" time="39.251" errors="0">
  <testcase name="testresearchersPage" time="39.251" classname="com.nicor.tests.TC_01_007"/>
</testsuite> <!-- com.nicor.tests.TC_01_007 -->
