<?xml version="1.0" encoding="UTF-8"?>
<!-- Generated by org.testng.reporters.JUnitReportReporter -->
<testsuite skipped="0" hostname="DESKTOP-L3RQ4M2" name="com.nicor.tests.TC_01_005" tests="1" failures="0" timestamp="17 Jul 2018 18:23:07 GMT" time="37.866" errors="0">
  <testcase name="testresearchersPage" time="37.866" classname="com.nicor.tests.TC_01_005"/>
</testsuite> <!-- com.nicor.tests.TC_01_005 -->
